{"threadName": "MainThread", "name": "__main__", "thread": 139682850776832, "created": 1522270080.497034, "process": 12631, "processName": "MainProcess", "args": [], "module": "l", "filename": "l.py", "levelno": 10, "exc_text": null, "pathname": "l.py", "lineno": 44, "msg": "debug message", "exc_info": null, "funcName": "log_debug_message", "relativeCreated": 17.42696762084961, "levelname": "DEBUG", "msecs": 497.03407287597656}
{"threadName": "MainThread", "name": "__main__", "thread": 139682850776832, "created": 1522270080.497468, "process": 12631, "processName": "MainProcess", "args": [], "module": "l", "filename": "l.py", "levelno": 20, "exc_text": null, "pathname": "l.py", "lineno": 49, "msg": "info message", "exc_info": null, "funcName": "log_info_message", "relativeCreated": 17.860889434814453, "levelname": "INFO", "msecs": 497.4679946899414}
{"threadName": "MainThread", "name": "__main__", "thread": 139682850776832, "created": 1522270080.497585, "process": 12631, "processName": "MainProcess", "args": [], "module": "l", "filename": "l.py", "levelno": 30, "exc_text": null, "pathname": "l.py", "lineno": 54, "msg": "warning message", "exc_info": null, "funcName": "log_warning_message", "relativeCreated": 17.97795295715332, "levelname": "WARNING", "msecs": 497.5850582122803}
{"threadName": "MainThread", "name": "__main__", "thread": 139999389959936, "created": 1522284413.026102, "process": 13811, "processName": "MainProcess", "args": [], "module": "l", "filename": "l.py", "levelno": 10, "exc_text": null, "pathname": "l.py", "lineno": 49, "msg": "debug message", "exc_info": null, "funcName": "log_debug_message", "relativeCreated": 16.40605926513672, "levelname": "DEBUG", "msecs": 26.102066040039062}
{"threadName": "MainThread", "name": "__main__", "thread": 139999389959936, "created": 1522284413.03309, "process": 13811, "processName": "MainProcess", "args": [], "module": "l", "filename": "l.py", "levelno": 20, "exc_text": null, "pathname": "l.py", "lineno": 54, "msg": "info message", "exc_info": null, "funcName": "log_info_message", "relativeCreated": 23.394107818603516, "levelname": "INFO", "msecs": 33.09011459350586}
{"threadName": "MainThread", "name": "__main__", "thread": 139999389959936, "created": 1522284413.035143, "process": 13811, "processName": "MainProcess", "args": [], "module": "l", "filename": "l.py", "levelno": 30, "exc_text": null, "pathname": "l.py", "lineno": 59, "msg": "warning message", "exc_info": null, "funcName": "log_warning_message", "relativeCreated": 25.44689178466797, "levelname": "WARNING", "msecs": 35.14289855957031}
{"threadName": "MainThread", "name": "__main__", "thread": 140586921481984, "created": 1522346470.441724, "process": 15134, "processName": "MainProcess", "args": [], "module": "l", "filename": "l.py", "levelno": 10, "exc_text": null, "pathname": "l.py", "lineno": 53, "msg": "debug message", "exc_info": null, "funcName": "log_debug_message", "relativeCreated": 23.46014976501465, "levelname": "DEBUG", "msecs": 441.7240619659424}
{"threadName": "MainThread", "name": "__main__", "thread": 140586921481984, "created": 1522346470.448796, "process": 15134, "processName": "MainProcess", "args": [], "module": "l", "filename": "l.py", "levelno": 20, "exc_text": null, "pathname": "l.py", "lineno": 58, "msg": "info message", "exc_info": null, "funcName": "log_info_message", "relativeCreated": 30.532121658325195, "levelname": "INFO", "msecs": 448.79603385925293}
{"threadName": "MainThread", "name": "__main__", "thread": 140586921481984, "created": 1522346470.449625, "process": 15134, "processName": "MainProcess", "args": [], "module": "l", "filename": "l.py", "levelno": 30, "exc_text": null, "pathname": "l.py", "lineno": 63, "msg": "warning message", "exc_info": null, "funcName": "log_warning_message", "relativeCreated": 31.361103057861328, "levelname": "WARNING", "msecs": 449.62501525878906}
{"funcname": "record.funcname", "strftime": "2018-03-29T18:01:41.%fZ", "asctime": "Thu Mar 29 18:01:41 2018", "msg": "debug message", "filename": "record.filename", "levelname": "record.levelname"}
{"funcname": "record.funcname", "strftime": "2018-03-29T18:01:41.%fZ", "asctime": "Thu Mar 29 18:01:41 2018", "msg": "info message", "filename": "record.filename", "levelname": "record.levelname"}
{"funcname": "record.funcname", "strftime": "2018-03-29T18:01:41.%fZ", "asctime": "Thu Mar 29 18:01:41 2018", "msg": "warning message", "filename": "record.filename", "levelname": "record.levelname"}
{"funcname": "record.funcname", "strftime": "2018-03-29T18:01:55.%fZ", "asctime": "Thu Mar 29 18:01:55 2018", "msg": "debug message", "filename": "record.filename", "levelname": "record.levelname"}
{"funcname": "record.funcname", "strftime": "2018-03-29T18:01:55.%fZ", "asctime": "Thu Mar 29 18:01:55 2018", "msg": "info message", "filename": "record.filename", "levelname": "record.levelname"}
{"funcname": "record.funcname", "strftime": "2018-03-29T18:01:55.%fZ", "asctime": "Thu Mar 29 18:01:55 2018", "msg": "warning message", "filename": "record.filename", "levelname": "record.levelname"}
{"funcName": "log_debug_message", "strftime": "2018-03-29T20:09:08Z", "asctime": "Thu Mar 29 20:09:08 2018", "msg": "debug message", "filename": "l.py", "levelname": "DEBUG"}
{"funcName": "log_info_message", "strftime": "2018-03-29T20:09:08Z", "asctime": "Thu Mar 29 20:09:08 2018", "msg": "info message", "filename": "l.py", "levelname": "INFO"}
{"funcName": "log_warning_message", "strftime": "2018-03-29T20:09:08Z", "asctime": "Thu Mar 29 20:09:08 2018", "msg": "warning message", "filename": "l.py", "levelname": "WARNING"}
{"msg": "debug message", "funcName": "log_debug_message", "levelname": "DEBUG", "strftime": "20:32:03T%xEST", "filename": "l.py"}
{"msg": "info message", "funcName": "log_info_message", "levelname": "INFO", "strftime": "20:32:03T%xEST", "filename": "l.py"}
{"msg": "warning message", "funcName": "log_warning_message", "levelname": "WARNING", "strftime": "20:32:03T%xEST", "filename": "l.py"}
{"msg": "debug message", "funcName": "log_debug_message", "levelname": "DEBUG", "strftime": "20:32:17T03/29/18EST", "filename": "l.py"}
{"msg": "info message", "funcName": "log_info_message", "levelname": "INFO", "strftime": "20:32:17T03/29/18EST", "filename": "l.py"}
{"msg": "warning message", "funcName": "log_warning_message", "levelname": "WARNING", "strftime": "20:32:17T03/29/18EST", "filename": "l.py"}
{"msg": "debug message", "funcName": "log_debug_message", "levelname": "DEBUG", "strftime": "2018-03-29T20:32:51Z", "filename": "l.py"}
{"msg": "info message", "funcName": "log_info_message", "levelname": "INFO", "strftime": "2018-03-29T20:32:51Z", "filename": "l.py"}
{"msg": "warning message", "funcName": "log_warning_message", "levelname": "WARNING", "strftime": "2018-03-29T20:32:51Z", "filename": "l.py"}
{"function": "log_debug_message", "levele": "DEBUG", "filename": "l.py", "timestring": "2018-03-30T00:01:04Z", "time": 1522368064.592158, "message": "debug message"}
{"function": "log_info_message", "levele": "INFO", "filename": "l.py", "timestring": "2018-03-30T00:01:04Z", "time": 1522368064.599472, "message": "info message"}
{"function": "log_warning_message", "levele": "WARNING", "filename": "l.py", "timestring": "2018-03-30T00:01:04Z", "time": 1522368064.599738, "message": "warning message"}
{"function": "log_debug_message", "level": "DEBUG", "filename": "logmetrics.py", "timestring": "2018-03-30T12:38:45Z", "time": 1522413525.599242, "message": "debug message"}
{"function": "log_info_message", "level": "INFO", "filename": "logmetrics.py", "timestring": "2018-03-30T12:38:45Z", "time": 1522413525.605777, "message": "info message"}
{"function": "log_warning_message", "level": "WARNING", "filename": "logmetrics.py", "timestring": "2018-03-30T12:38:45Z", "time": 1522413525.607657, "message": "warning message"}
{"function": "log_debug_message", "level": "DEBUG", "filename": "logmetrics.py", "timestring": "2018-03-30T12:40:49Z", "time": 1522413649.516508, "message": "debug message"}
{"function": "log_info_message", "level": "INFO", "filename": "logmetrics.py", "timestring": "2018-03-30T12:40:49Z", "time": 1522413649.523955, "message": "info message"}
{"function": "log_warning_message", "level": "WARNING", "filename": "logmetrics.py", "timestring": "2018-03-30T12:40:49Z", "time": 1522413649.524255, "message": "warning message"}
